(pcgenv) dhern167@fedora:~/MinecraftPCG/schema-to-lite/longformerV2$ python layerencoder2.py 
Tokenizer vocab size: 50269
Air token id: 2456
/home/dhern167/miniconda3/envs/pcgenv/lib/python3.10/site-packages/transformers/training_args.py:1545: FutureWarning: `evaluation_strategy` is deprecated and will be removed in version 4.46 of 🤗 Transformers. Use `eval_strategy` instead
  warnings.warn(
{'loss': 0.059, 'grad_norm': 1.800593376159668, 'learning_rate': 1.98952703058655e-05, 'epoch': 0.02}                                                                                                           
{'loss': 0.0353, 'grad_norm': 0.0037002810277044773, 'learning_rate': 1.978990844053903e-05, 'epoch': 0.03}                                                                                                     
{'loss': 0.0301, 'grad_norm': 0.003494586795568466, 'learning_rate': 1.968454657521257e-05, 'epoch': 0.05}                                                                                                      
{'loss': 0.0249, 'grad_norm': 3.6668012142181396, 'learning_rate': 1.9579184709886106e-05, 'epoch': 0.06}                                                                                                       
{'loss': 0.0249, 'grad_norm': 0.1901325136423111, 'learning_rate': 1.947382284455964e-05, 'epoch': 0.08}                                                                                                        
{'loss': 0.0233, 'grad_norm': 4.948343753814697, 'learning_rate': 1.936846097923318e-05, 'epoch': 0.09}                                                                                                         
{'loss': 0.0226, 'grad_norm': 0.5504626035690308, 'learning_rate': 1.9263099113906713e-05, 'epoch': 0.11}                                                                                                       
{'loss': 0.0232, 'grad_norm': 0.0983271449804306, 'learning_rate': 1.9158158696041556e-05, 'epoch': 0.13}                                                                                                       
{'loss': 0.021, 'grad_norm': 2.9316515922546387, 'learning_rate': 1.9052796830715092e-05, 'epoch': 0.14}                                                                                                        
{'loss': 0.0216, 'grad_norm': 19.54854393005371, 'learning_rate': 1.8947434965388628e-05, 'epoch': 0.16}                                                                                                        
{'loss': 0.0218, 'grad_norm': 2.885707378387451, 'learning_rate': 1.8842073100062167e-05, 'epoch': 0.17}                                                                                                        
{'loss': 0.0214, 'grad_norm': 0.15229976177215576, 'learning_rate': 1.87367112347357e-05, 'epoch': 0.19}                                                                                                        
{'loss': 0.0186, 'grad_norm': 3.6329336166381836, 'learning_rate': 1.863134936940924e-05, 'epoch': 0.21}                                                                                                        
{'loss': 0.019, 'grad_norm': 1.707448959350586, 'learning_rate': 1.8525987504082774e-05, 'epoch': 0.22}                                                                                                         
{'loss': 0.019, 'grad_norm': 1.144670009613037, 'learning_rate': 1.842062563875631e-05, 'epoch': 0.24}                                                                                                          
{'loss': 0.0175, 'grad_norm': 0.04497861862182617, 'learning_rate': 1.8315263773429846e-05, 'epoch': 0.25}                                                                                                      
{'loss': 0.017, 'grad_norm': 1.3878692388534546, 'learning_rate': 1.8209901908103382e-05, 'epoch': 0.27}                                                                                                        
{'loss': 0.0175, 'grad_norm': 0.03466946631669998, 'learning_rate': 1.810475076650757e-05, 'epoch': 0.28}                                                                                                       
{'loss': 0.0199, 'grad_norm': 1.639083981513977, 'learning_rate': 1.7999388901181107e-05, 'epoch': 0.3}                                                                                                         
{'loss': 0.0165, 'grad_norm': 0.15845593810081482, 'learning_rate': 1.7894027035854643e-05, 'epoch': 0.32}                                                                                                      
{'loss': 0.0161, 'grad_norm': 1.2065232992172241, 'learning_rate': 1.7788665170528182e-05, 'epoch': 0.33}                                                                                                       
{'loss': 0.0183, 'grad_norm': 0.41513270139694214, 'learning_rate': 1.7683303305201718e-05, 'epoch': 0.35}                                                                                                      
{'loss': 0.016, 'grad_norm': 0.35945573449134827, 'learning_rate': 1.7577941439875253e-05, 'epoch': 0.36}                                                                                                       
{'loss': 0.0163, 'grad_norm': 0.4558180570602417, 'learning_rate': 1.747257957454879e-05, 'epoch': 0.38}                                                                                                        
{'loss': 0.0137, 'grad_norm': 4.488577842712402, 'learning_rate': 1.7367217709222325e-05, 'epoch': 0.4}                                                                                                         
{'loss': 0.0167, 'grad_norm': 0.08856551349163055, 'learning_rate': 1.7261855843895864e-05, 'epoch': 0.41}                                                                                                      
{'loss': 0.0166, 'grad_norm': 1.5252701044082642, 'learning_rate': 1.7156493978569397e-05, 'epoch': 0.43}                                                                                                       
{'loss': 0.0167, 'grad_norm': 0.12061566859483719, 'learning_rate': 1.705134283697359e-05, 'epoch': 0.44}                                                                                                       
{'loss': 0.0171, 'grad_norm': 0.0005411336314864457, 'learning_rate': 1.6945980971647122e-05, 'epoch': 0.46}                                                                                                    
{'loss': 0.0156, 'grad_norm': 0.0018076782580465078, 'learning_rate': 1.6840619106320658e-05, 'epoch': 0.47}                                                                                                    
{'loss': 0.0152, 'grad_norm': 1.3972852230072021, 'learning_rate': 1.6735257240994197e-05, 'epoch': 0.49}                                                                                                       
{'loss': 0.0145, 'grad_norm': 2.521927833557129, 'learning_rate': 1.6629895375667733e-05, 'epoch': 0.51}                                                                                                        
{'loss': 0.0133, 'grad_norm': 0.5228005647659302, 'learning_rate': 1.652453351034127e-05, 'epoch': 0.52}                                                                                                        
{'loss': 0.0131, 'grad_norm': 0.5891550183296204, 'learning_rate': 1.6419382368745458e-05, 'epoch': 0.54}                                                                                                       
{'loss': 0.0142, 'grad_norm': 0.007070545572787523, 'learning_rate': 1.6314020503418994e-05, 'epoch': 0.55}                                                                                                     
{'loss': 0.0151, 'grad_norm': 0.6897822618484497, 'learning_rate': 1.620865863809253e-05, 'epoch': 0.57}                                                                                                        
{'loss': 0.0144, 'grad_norm': 0.008520339615643024, 'learning_rate': 1.6103296772766065e-05, 'epoch': 0.58}                                                                                                     
{'loss': 0.0129, 'grad_norm': 0.33120712637901306, 'learning_rate': 1.5998145631170258e-05, 'epoch': 0.6}                                                                                                       
{'loss': 0.0145, 'grad_norm': 0.6222625970840454, 'learning_rate': 1.5892994489574444e-05, 'epoch': 0.62}                                                                                                       
{'loss': 0.0145, 'grad_norm': 0.0004027665709145367, 'learning_rate': 1.5787843347978634e-05, 'epoch': 0.63}                                                                                                    
{'loss': 0.0135, 'grad_norm': 1.3463077545166016, 'learning_rate': 1.568248148265217e-05, 'epoch': 0.65}                                                                                                        
{'loss': 0.0151, 'grad_norm': 0.00019872418488375843, 'learning_rate': 1.5577119617325705e-05, 'epoch': 0.66}                                                                                                   
{'loss': 0.0142, 'grad_norm': 0.005429080221801996, 'learning_rate': 1.5471757751999244e-05, 'epoch': 0.68}                                                                                                     
{'loss': 0.0138, 'grad_norm': 0.0001159927633125335, 'learning_rate': 1.5366395886672777e-05, 'epoch': 0.7}                                                                                                     
{'loss': 0.0136, 'grad_norm': 0.37382346391677856, 'learning_rate': 1.5261034021346316e-05, 'epoch': 0.71}                                                                                                      
{'loss': 0.0141, 'grad_norm': 0.07654394209384918, 'learning_rate': 1.5155672156019852e-05, 'epoch': 0.73}                                                                                                      
{'loss': 0.013, 'grad_norm': 0.00012582461931742728, 'learning_rate': 1.505031029069339e-05, 'epoch': 0.74}                                                                                                     
{'loss': 0.0137, 'grad_norm': 0.46599870920181274, 'learning_rate': 1.4944948425366923e-05, 'epoch': 0.76}                                                                                                      
{'loss': 0.013, 'grad_norm': 0.0017570200143381953, 'learning_rate': 1.4839797283771113e-05, 'epoch': 0.77}                                                                                                     
{'loss': 0.0118, 'grad_norm': 0.7840930223464966, 'learning_rate': 1.4734646142175302e-05, 'epoch': 0.79}                                                                                                       
{'loss': 0.0139, 'grad_norm': 0.00015529419761151075, 'learning_rate': 1.4629284276848838e-05, 'epoch': 0.81}                                                                                                   
{'loss': 0.0129, 'grad_norm': 0.7655659914016724, 'learning_rate': 1.4523922411522375e-05, 'epoch': 0.82}                                                                                                       
{'loss': 0.0134, 'grad_norm': 0.003580594900995493, 'learning_rate': 1.441856054619591e-05, 'epoch': 0.84}                                                                                                      
{'loss': 0.014, 'grad_norm': 0.29316747188568115, 'learning_rate': 1.4313198680869447e-05, 'epoch': 0.85}                                                                                                       
{'loss': 0.0136, 'grad_norm': 0.224571093916893, 'learning_rate': 1.4207836815542983e-05, 'epoch': 0.87}                                                                                                        
{'loss': 0.0125, 'grad_norm': 0.0020095629151910543, 'learning_rate': 1.410247495021652e-05, 'epoch': 0.89}                                                                                                     
{'loss': 0.0115, 'grad_norm': 0.5580793619155884, 'learning_rate': 1.3997113084890054e-05, 'epoch': 0.9}                                                                                                        
{'loss': 0.0137, 'grad_norm': 0.0017521644476801157, 'learning_rate': 1.3891751219563592e-05, 'epoch': 0.92}                                                                                                    
{'loss': 0.0119, 'grad_norm': 0.00011413480388000607, 'learning_rate': 1.3786600077967783e-05, 'epoch': 0.93}                                                                                                   
{'loss': 0.0124, 'grad_norm': 0.00034523382782936096, 'learning_rate': 1.3681238212641317e-05, 'epoch': 0.95}                                                                                                   
{'loss': 0.0141, 'grad_norm': 0.19668734073638916, 'learning_rate': 1.3575876347314853e-05, 'epoch': 0.96}                                                                                                      
{'loss': 0.0142, 'grad_norm': 1.0912237167358398, 'learning_rate': 1.347051448198839e-05, 'epoch': 0.98}                                                                                                        
{'loss': 0.0127, 'grad_norm': 8.180068016052246, 'learning_rate': 1.3365363340392578e-05, 'epoch': 1.0}                                                                                                         
{'eval_loss': 0.011046637780964375, 'eval_runtime': 344.5437, 'eval_samples_per_second': 20.407, 'eval_steps_per_second': 10.205, 'epoch': 1.0}                                                                 
{'loss': 0.0123, 'grad_norm': 0.11506638675928116, 'learning_rate': 1.3260001475066116e-05, 'epoch': 1.01}                                                                                                      
{'loss': 0.0111, 'grad_norm': 0.9731119871139526, 'learning_rate': 1.3154639609739651e-05, 'epoch': 1.03}                                                                                                       
{'loss': 0.0115, 'grad_norm': 0.014893852174282074, 'learning_rate': 1.3049277744413189e-05, 'epoch': 1.04}                                                                                                     
{'loss': 0.0134, 'grad_norm': 4.6680874220328405e-05, 'learning_rate': 1.2943915879086723e-05, 'epoch': 1.06}                                                                                                   
{'loss': 0.0133, 'grad_norm': 0.0005858474178239703, 'learning_rate': 1.283855401376026e-05, 'epoch': 1.07}                                                                                                     
{'loss': 0.0131, 'grad_norm': 0.000292582088150084, 'learning_rate': 1.2733192148433798e-05, 'epoch': 1.09}                                                                                                     
{'loss': 0.0115, 'grad_norm': 0.001091287354938686, 'learning_rate': 1.2627830283107334e-05, 'epoch': 1.11}                                                                                                     
{'loss': 0.0115, 'grad_norm': 0.062493253499269485, 'learning_rate': 1.2522468417780868e-05, 'epoch': 1.12}                                                                                                     
{'loss': 0.0114, 'grad_norm': 0.04372251778841019, 'learning_rate': 1.2417317276185059e-05, 'epoch': 1.14}                                                                                                      
{'loss': 0.011, 'grad_norm': 0.6881409287452698, 'learning_rate': 1.2311955410858596e-05, 'epoch': 1.15}                                                                                                        
{'loss': 0.0115, 'grad_norm': 0.0008313810103572905, 'learning_rate': 1.220659354553213e-05, 'epoch': 1.17}                                                                                                     
{'loss': 0.0107, 'grad_norm': 2.862893581390381, 'learning_rate': 1.2101231680205668e-05, 'epoch': 1.19}                                                                                                        
{'loss': 0.0117, 'grad_norm': 0.002228248631581664, 'learning_rate': 1.1995869814879204e-05, 'epoch': 1.2}                                                                                                      
{'loss': 0.0122, 'grad_norm': 1.973343849182129, 'learning_rate': 1.1890507949552741e-05, 'epoch': 1.22}                                                                                                        
{'loss': 0.0109, 'grad_norm': 0.5167921781539917, 'learning_rate': 1.1785146084226275e-05, 'epoch': 1.23}                                                                                                       
{'loss': 0.0128, 'grad_norm': 0.23261980712413788, 'learning_rate': 1.1679784218899813e-05, 'epoch': 1.25}                                                                                                      
{'loss': 0.0107, 'grad_norm': 0.2177204042673111, 'learning_rate': 1.1574633077304e-05, 'epoch': 1.26}                                                                                                          
{'loss': 0.0126, 'grad_norm': 0.06696394830942154, 'learning_rate': 1.1469271211977538e-05, 'epoch': 1.28}                                                                                                      
{'loss': 0.011, 'grad_norm': 0.003336317138746381, 'learning_rate': 1.1363909346651074e-05, 'epoch': 1.3}                                                                                                       
{'loss': 0.0122, 'grad_norm': 0.28852251172065735, 'learning_rate': 1.1258758205055262e-05, 'epoch': 1.31}                                                                                                      
{'loss': 0.012, 'grad_norm': 0.013555346056818962, 'learning_rate': 1.11533963397288e-05, 'epoch': 1.33}                                                                                                        
{'loss': 0.013, 'grad_norm': 0.8747133016586304, 'learning_rate': 1.104824519813299e-05, 'epoch': 1.34}                                                                                                         
{'loss': 0.0093, 'grad_norm': 0.04206344485282898, 'learning_rate': 1.0942883332806524e-05, 'epoch': 1.36}                                                                                                      
{'loss': 0.0113, 'grad_norm': 0.031619779765605927, 'learning_rate': 1.0837521467480062e-05, 'epoch': 1.37}                                                                                                     
{'loss': 0.0114, 'grad_norm': 0.08787192404270172, 'learning_rate': 1.0732159602153598e-05, 'epoch': 1.39}                                                                                                      
{'loss': 0.011, 'grad_norm': 0.7954803109169006, 'learning_rate': 1.0626797736827135e-05, 'epoch': 1.41}                                                                                                        
{'loss': 0.0117, 'grad_norm': 0.30263835191726685, 'learning_rate': 1.052143587150067e-05, 'epoch': 1.42}                                                                                                       
{'loss': 0.0111, 'grad_norm': 0.35548073053359985, 'learning_rate': 1.0416074006174207e-05, 'epoch': 1.44}                                                                                                      
{'loss': 0.0114, 'grad_norm': 0.09933993220329285, 'learning_rate': 1.0310712140847743e-05, 'epoch': 1.45}                                                                                                      
{'loss': 0.0109, 'grad_norm': 0.000744946242775768, 'learning_rate': 1.020535027552128e-05, 'epoch': 1.47}                                                                                                      
{'loss': 0.012, 'grad_norm': 0.328704297542572, 'learning_rate': 1.0099988410194814e-05, 'epoch': 1.49}                                                                                                         
{'loss': 0.0112, 'grad_norm': 0.3154181241989136, 'learning_rate': 9.994626544868352e-06, 'epoch': 1.5}                                                                                                         
{'loss': 0.0108, 'grad_norm': 1.092148780822754, 'learning_rate': 9.889264679541887e-06, 'epoch': 1.52}                                                                                                         
{'loss': 0.0108, 'grad_norm': 0.07028127461671829, 'learning_rate': 9.784113537946077e-06, 'epoch': 1.53}                                                                                                       
{'loss': 0.0103, 'grad_norm': 0.023813752457499504, 'learning_rate': 9.678751672619613e-06, 'epoch': 1.55}                                                                                                      
{'loss': 0.0105, 'grad_norm': 2.33029842376709, 'learning_rate': 9.573389807293148e-06, 'epoch': 1.56}                                                                                                          
{'loss': 0.0104, 'grad_norm': 0.535409688949585, 'learning_rate': 9.468027941966686e-06, 'epoch': 1.58}                                                                                                         
{'loss': 0.0099, 'grad_norm': 0.03026559390127659, 'learning_rate': 9.362876800370875e-06, 'epoch': 1.6}                                                                                                        
{'loss': 0.01, 'grad_norm': 0.11566870659589767, 'learning_rate': 9.257725658775065e-06, 'epoch': 1.61}                                                                                                         
{'loss': 0.0104, 'grad_norm': 0.06718285381793976, 'learning_rate': 9.1523637934486e-06, 'epoch': 1.63}                                                                                                         
{'loss': 0.0106, 'grad_norm': 1.3792203664779663, 'learning_rate': 9.047001928122136e-06, 'epoch': 1.64}                                                                                                        
{'loss': 0.0108, 'grad_norm': 0.00014882891264278442, 'learning_rate': 8.941640062795672e-06, 'epoch': 1.66}                                                                                                    
{'loss': 0.0109, 'grad_norm': 1.6148185729980469, 'learning_rate': 8.83627819746921e-06, 'epoch': 1.68}                                                                                                         
{'loss': 0.0096, 'grad_norm': 0.0002253998100059107, 'learning_rate': 8.730916332142745e-06, 'epoch': 1.69}                                                                                                     
{'loss': 0.0102, 'grad_norm': 0.7985203266143799, 'learning_rate': 8.625554466816281e-06, 'epoch': 1.71}                                                                                                        
{'loss': 0.0091, 'grad_norm': 0.012950253672897816, 'learning_rate': 8.520192601489817e-06, 'epoch': 1.72}                                                                                                      
{'loss': 0.0099, 'grad_norm': 0.05984963849186897, 'learning_rate': 8.414830736163355e-06, 'epoch': 1.74}                                                                                                       
{'loss': 0.0091, 'grad_norm': 2.089832305908203, 'learning_rate': 8.309679594567542e-06, 'epoch': 1.75}                                                                                                         
{'loss': 0.0114, 'grad_norm': 0.0018368320306763053, 'learning_rate': 8.20431772924108e-06, 'epoch': 1.77}                                                                                                      
{'loss': 0.0105, 'grad_norm': 0.2262335866689682, 'learning_rate': 8.098955863914616e-06, 'epoch': 1.79}                                                                                                        
{'loss': 0.0107, 'grad_norm': 0.2968444526195526, 'learning_rate': 7.993593998588151e-06, 'epoch': 1.8}                                                                                                         
{'loss': 0.0117, 'grad_norm': 0.02531818300485611, 'learning_rate': 7.888232133261689e-06, 'epoch': 1.82}                                                                                                       
{'loss': 0.0089, 'grad_norm': 0.6061493158340454, 'learning_rate': 7.782870267935225e-06, 'epoch': 1.83}                                                                                                        
{'loss': 0.0096, 'grad_norm': 1.1365970373153687, 'learning_rate': 7.677719126339414e-06, 'epoch': 1.85}                                                                                                        
{'loss': 0.0101, 'grad_norm': 0.01626366376876831, 'learning_rate': 7.572357261012949e-06, 'epoch': 1.86}                                                                                                       
{'loss': 0.0114, 'grad_norm': 0.0015437089605256915, 'learning_rate': 7.466995395686486e-06, 'epoch': 1.88}                                                                                                     
{'loss': 0.0107, 'grad_norm': 1.0025761127471924, 'learning_rate': 7.3616335303600214e-06, 'epoch': 1.9}                                                                                                        
{'loss': 0.0097, 'grad_norm': 0.013228248804807663, 'learning_rate': 7.256271665033559e-06, 'epoch': 1.91}                                                                                                      
{'loss': 0.0118, 'grad_norm': 0.00041666784090921283, 'learning_rate': 7.150909799707094e-06, 'epoch': 1.93}                                                                                                    
{'loss': 0.0099, 'grad_norm': 1.0331306457519531, 'learning_rate': 7.045547934380631e-06, 'epoch': 1.94}                                                                                                        
{'loss': 0.013, 'grad_norm': 0.23043134808540344, 'learning_rate': 6.940396792784821e-06, 'epoch': 1.96}                                                                                                        
{'loss': 0.0181, 'grad_norm': 0.37778785824775696, 'learning_rate': 6.835034927458356e-06, 'epoch': 1.98}                                                                                                       
{'loss': 0.0154, 'grad_norm': 0.07105375826358795, 'learning_rate': 6.729883785862545e-06, 'epoch': 1.99}                                                                                                       
{'eval_loss': 0.01421308983117342, 'eval_runtime': 333.2425, 'eval_samples_per_second': 21.099, 'eval_steps_per_second': 10.551, 'epoch': 2.0}                                                                  
{'loss': 0.0136, 'grad_norm': 0.6292338371276855, 'learning_rate': 6.624521920536082e-06, 'epoch': 2.01}                                                                                                        
{'loss': 0.0157, 'grad_norm': 0.22108988463878632, 'learning_rate': 6.51937077894027e-06, 'epoch': 2.02}                                                                                                        
{'loss': 0.0161, 'grad_norm': 0.27532958984375, 'learning_rate': 6.414008913613807e-06, 'epoch': 2.04}                                                                                                          
{'loss': 0.0137, 'grad_norm': 0.04592902213335037, 'learning_rate': 6.308647048287343e-06, 'epoch': 2.05}                                                                                                       
{'loss': 0.0107, 'grad_norm': 0.1337532252073288, 'learning_rate': 6.2032851829608795e-06, 'epoch': 2.07}                                                                                                       
{'loss': 0.0104, 'grad_norm': 0.8305761218070984, 'learning_rate': 6.097923317634415e-06, 'epoch': 2.09}                                                                                                        
{'loss': 0.0104, 'grad_norm': 0.1926649510860443, 'learning_rate': 5.992561452307952e-06, 'epoch': 2.1}                                                                                                         
{'loss': 0.0097, 'grad_norm': 0.0004341242602095008, 'learning_rate': 5.887199586981488e-06, 'epoch': 2.12}                                                                                                     
{'loss': 0.008, 'grad_norm': 0.0577242374420166, 'learning_rate': 5.781837721655025e-06, 'epoch': 2.13}                                                                                                         
{'loss': 0.0098, 'grad_norm': 0.003072113497182727, 'learning_rate': 5.676686580059214e-06, 'epoch': 2.15}                                                                                                      
{'loss': 0.0103, 'grad_norm': 0.8008934855461121, 'learning_rate': 5.5713247147327496e-06, 'epoch': 2.17}                                                                                                       
{'loss': 0.0107, 'grad_norm': 0.6068026423454285, 'learning_rate': 5.465962849406287e-06, 'epoch': 2.18}                                                                                                        
{'loss': 0.0098, 'grad_norm': 2.7953290939331055, 'learning_rate': 5.360600984079822e-06, 'epoch': 2.2}                                                                                                         
{'loss': 0.0104, 'grad_norm': 0.0004403762868605554, 'learning_rate': 5.2552391187533595e-06, 'epoch': 2.21}                                                                                                    
{'loss': 0.0091, 'grad_norm': 0.8289862275123596, 'learning_rate': 5.1498772534268944e-06, 'epoch': 2.23}                                                                                                       
{'loss': 0.0087, 'grad_norm': 0.399372935295105, 'learning_rate': 5.044515388100432e-06, 'epoch': 2.24}                                                                                                         
{'loss': 0.0091, 'grad_norm': 0.6004356741905212, 'learning_rate': 4.939153522773968e-06, 'epoch': 2.26}                                                                                                        
{'loss': 0.0079, 'grad_norm': 0.33095449209213257, 'learning_rate': 4.833791657447504e-06, 'epoch': 2.28}                                                                                                       
{'loss': 0.0086, 'grad_norm': 1.916648030281067, 'learning_rate': 4.72842979212104e-06, 'epoch': 2.29}                                                                                                          
{'loss': 0.0093, 'grad_norm': 0.01617169752717018, 'learning_rate': 4.623067926794577e-06, 'epoch': 2.31}                                                                                                       
{'loss': 0.0088, 'grad_norm': 8.645321213407442e-05, 'learning_rate': 4.517706061468113e-06, 'epoch': 2.32}                                                                                                     
{'loss': 0.0102, 'grad_norm': 0.1919180452823639, 'learning_rate': 4.412344196141649e-06, 'epoch': 2.34}                                                                                                        
{'loss': 0.0092, 'grad_norm': 0.08150418102741241, 'learning_rate': 4.306982330815185e-06, 'epoch': 2.35}                                                                                                       
{'loss': 0.0095, 'grad_norm': 0.8969321250915527, 'learning_rate': 4.201620465488722e-06, 'epoch': 2.37}                                                                                                        
{'loss': 0.0089, 'grad_norm': 0.33190417289733887, 'learning_rate': 4.0962586001622574e-06, 'epoch': 2.39}                                                                                                      
{'loss': 0.0083, 'grad_norm': 3.296820796094835e-05, 'learning_rate': 3.991107458566447e-06, 'epoch': 2.4}                                                                                                      
{'loss': 0.0089, 'grad_norm': 0.004411283414810896, 'learning_rate': 3.886167040701289e-06, 'epoch': 2.42}                                                                                                      
{'loss': 0.01, 'grad_norm': 0.0001200358456117101, 'learning_rate': 3.7808051753748253e-06, 'epoch': 2.43}                                                                                                      
{'loss': 0.0088, 'grad_norm': 0.3518136441707611, 'learning_rate': 3.6754433100483615e-06, 'epoch': 2.45}                                                                                                       
{'loss': 0.0073, 'grad_norm': 1.0384763479232788, 'learning_rate': 3.5700814447218978e-06, 'epoch': 2.47}                                                                                                       
{'loss': 0.0078, 'grad_norm': 0.00035310621024109423, 'learning_rate': 3.464719579395434e-06, 'epoch': 2.48}                                                                                                    
{'loss': 0.0094, 'grad_norm': 0.27923130989074707, 'learning_rate': 3.35935771406897e-06, 'epoch': 2.5}                                                                                                         
{'loss': 0.0078, 'grad_norm': 0.5755966305732727, 'learning_rate': 3.253995848742507e-06, 'epoch': 2.51}                                                                                                        
{'loss': 0.0083, 'grad_norm': 1.0230506658554077, 'learning_rate': 3.148633983416043e-06, 'epoch': 2.53}                                                                                                        
{'loss': 0.008, 'grad_norm': 0.37791335582733154, 'learning_rate': 3.0434828418202316e-06, 'epoch': 2.54}                                                                                                       
{'loss': 0.0089, 'grad_norm': 0.19693757593631744, 'learning_rate': 2.938120976493768e-06, 'epoch': 2.56}                                                                                                       
{'loss': 0.0089, 'grad_norm': 0.00010318911517970264, 'learning_rate': 2.832759111167304e-06, 'epoch': 2.58}                                                                                                    
{'loss': 0.0089, 'grad_norm': 0.3981495797634125, 'learning_rate': 2.7273972458408403e-06, 'epoch': 2.59}                                                                                                       
{'loss': 0.0091, 'grad_norm': 9.388434409629554e-05, 'learning_rate': 2.6220353805143765e-06, 'epoch': 2.61}                                                                                                    
{'loss': 0.0089, 'grad_norm': 0.2662813067436218, 'learning_rate': 2.5166735151879127e-06, 'epoch': 2.62}                                                                                                       
{'loss': 0.0092, 'grad_norm': 1.1399140357971191, 'learning_rate': 2.4113116498614494e-06, 'epoch': 2.64}                                                                                                       
{'loss': 0.0093, 'grad_norm': 0.16534431278705597, 'learning_rate': 2.3059497845349856e-06, 'epoch': 2.66}                                                                                                      
{'loss': 0.0082, 'grad_norm': 0.00016206294822040945, 'learning_rate': 2.2005879192085218e-06, 'epoch': 2.67}                                                                                                   
{'loss': 0.0083, 'grad_norm': 0.00013084194506518543, 'learning_rate': 2.095226053882058e-06, 'epoch': 2.69}                                                                                                    
{'loss': 0.0097, 'grad_norm': 0.0011122061405330896, 'learning_rate': 1.9898641885555946e-06, 'epoch': 2.7}                                                                                                     
{'loss': 0.0089, 'grad_norm': 0.00019960162171628326, 'learning_rate': 1.8845023232291306e-06, 'epoch': 2.72}                                                                                                   
{'loss': 0.0083, 'grad_norm': 0.4611920714378357, 'learning_rate': 1.7791404579026669e-06, 'epoch': 2.73}                                                                                                       
{'loss': 0.008, 'grad_norm': 0.5737361311912537, 'learning_rate': 1.673989316306856e-06, 'epoch': 2.75}                                                                                                         
{'loss': 0.0089, 'grad_norm': 0.5255351066589355, 'learning_rate': 1.5686274509803923e-06, 'epoch': 2.77}                                                                                                       
{'loss': 0.008, 'grad_norm': 1.650009036064148, 'learning_rate': 1.4632655856539285e-06, 'epoch': 2.78}                                                                                                         
{'loss': 0.0085, 'grad_norm': 1.027113676071167, 'learning_rate': 1.3579037203274647e-06, 'epoch': 2.8}                                                                                                         
{'loss': 0.0086, 'grad_norm': 0.05847752466797829, 'learning_rate': 1.252541855001001e-06, 'epoch': 2.81}                                                                                                       
{'loss': 0.0074, 'grad_norm': 0.28916025161743164, 'learning_rate': 1.1471799896745372e-06, 'epoch': 2.83}                                                                                                      
{'loss': 0.0084, 'grad_norm': 0.00018703904061112553, 'learning_rate': 1.0418181243480736e-06, 'epoch': 2.84}                                                                                                   
{'loss': 0.009, 'grad_norm': 0.41896864771842957, 'learning_rate': 9.366669827522627e-07, 'epoch': 2.86}                                                                                                        
{'loss': 0.0079, 'grad_norm': 8.372493175556883e-05, 'learning_rate': 8.313051174257989e-07, 'epoch': 2.88}                                                                                                     
{'loss': 0.0098, 'grad_norm': 0.016624409705400467, 'learning_rate': 7.259432520993353e-07, 'epoch': 2.89}                                                                                                      
{'loss': 0.0086, 'grad_norm': 0.239088237285614, 'learning_rate': 6.207921105035244e-07, 'epoch': 2.91}                                                                                                         
{'loss': 0.0092, 'grad_norm': 0.3574257791042328, 'learning_rate': 5.154302451770606e-07, 'epoch': 2.92}                                                                                                        
{'loss': 0.0081, 'grad_norm': 0.17836116254329681, 'learning_rate': 4.1027910358124986e-07, 'epoch': 2.94}                                                                                                      
{'loss': 0.0082, 'grad_norm': 0.09651924669742584, 'learning_rate': 3.049172382547861e-07, 'epoch': 2.96}                                                                                                       
{'loss': 0.0082, 'grad_norm': 1.9030158519744873, 'learning_rate': 1.9955537292832234e-07, 'epoch': 2.97}                                                                                                       
{'loss': 0.009, 'grad_norm': 2.739274740219116, 'learning_rate': 9.41935076018586e-08, 'epoch': 2.99}                                                                                                           
{'eval_loss': 0.007948250509798527, 'eval_runtime': 332.9787, 'eval_samples_per_second': 21.115, 'eval_steps_per_second': 10.559, 'epoch': 3.0}                                                                 
{'train_runtime': 23012.5967, 'train_samples_per_second': 8.248, 'train_steps_per_second': 4.124, 'train_loss': 0.012578820897387611, 'epoch': 3.0}                                                             
100%|███████████████████████████████████████████████████████████████████████████████████████████████████████████████████████████████████████████████████████████████████| 94911/94911 [6:23:32<00:00,  4.12it/s]
